Wed Feb 15 20:01:42 2017,731 [12632] DEBUG user - Entering Users() method ...
Wed Feb 15 20:01:42 2017,731 [12632] DEBUG VT - Entering getColumnFields(Users) method ...
Wed Feb 15 20:01:42 2017,731 [12632] DEBUG VT - in getColumnFields Users
Wed Feb 15 20:01:42 2017,731 [12632] DEBUG VT - Prepared sql query being executed : SELECT tabid, name, ownedby FROM vtiger_tab
Wed Feb 15 20:01:42 2017,734 [12632] DEBUG VT - Prepared sql query being executed : SELECT tabid, fieldname, fieldid, fieldlabel, columnname, tablename, uitype, typeofdata, presence
		FROM vtiger_field WHERE tabid in (?)
Wed Feb 15 20:01:42 2017,734 [12632] DEBUG VT - Prepared sql query parameters : [29]
Wed Feb 15 20:01:42 2017,740 [12632] DEBUG VT - Exiting getColumnFields method ...
Wed Feb 15 20:01:42 2017,740 [12632] DEBUG user - Exiting Users() method ...
Wed Feb 15 20:01:42 2017,741 [12632] DEBUG VT - Prepared sql query being executed : SELECT * FROM vtiger_tab
Wed Feb 15 20:01:42 2017,748 [12632] DEBUG VT - Prepared sql query being executed : SELECT fieldname,modulename,tablename,entityidfield,entityidcolumn from vtiger_entityname
Wed Feb 15 20:01:42 2017,752 [12632] DEBUG VT - Prepared sql query being executed : SELECT reminderid, recordid FROM vtiger_activity_reminder_popup
            					INNER JOIN vtiger_activity on vtiger_activity.activityid = vtiger_activity_reminder_popup.recordid
								INNER JOIN vtiger_crmentity ON vtiger_activity_reminder_popup.recordid = vtiger_crmentity.crmid
								WHERE vtiger_activity_reminder_popup.status = 0
								AND vtiger_crmentity.smownerid = ? AND vtiger_crmentity.deleted = 0
								AND ((DATE_FORMAT(vtiger_activity_reminder_popup.date_start,'%Y-%m-%d') <= ?)
								AND (TIME_FORMAT(vtiger_activity_reminder_popup.time_start,'%H:%i') <= ?))
                                AND vtiger_activity.eventstatus <> 'Held' AND (vtiger_activity.status <> 'Completed' OR vtiger_activity.status IS NULL) LIMIT 20
Wed Feb 15 20:01:42 2017,752 [12632] DEBUG VT - Prepared sql query parameters : [1,2017-02-15,20:02]
Wed Feb 15 20:01:44 2017,861 [2584] INFO VT - PearDatabase ->ADODB disconnect
Wed Feb 15 20:01:44 2017,870 [2584] DEBUG user - Entering Users() method ...
Wed Feb 15 20:01:44 2017,871 [2584] DEBUG VT - Entering getColumnFields(Users) method ...
Wed Feb 15 20:01:44 2017,871 [2584] DEBUG VT - in getColumnFields Users
Wed Feb 15 20:01:44 2017,871 [2584] DEBUG VT - Prepared sql query being executed : SELECT tabid, name, ownedby FROM vtiger_tab
Wed Feb 15 20:01:44 2017,873 [2584] DEBUG VT - Prepared sql query being executed : SELECT tabid, fieldname, fieldid, fieldlabel, columnname, tablename, uitype, typeofdata, presence
		FROM vtiger_field WHERE tabid in (?)
Wed Feb 15 20:01:44 2017,873 [2584] DEBUG VT - Prepared sql query parameters : [29]
Wed Feb 15 20:01:44 2017,880 [2584] DEBUG VT - Exiting getColumnFields method ...
Wed Feb 15 20:01:44 2017,880 [2584] DEBUG user - Exiting Users() method ...
Wed Feb 15 20:01:44 2017,880 [2584] DEBUG VT - Prepared sql query being executed : SELECT * FROM vtiger_tab
Wed Feb 15 20:01:44 2017,889 [2584] DEBUG VT - Prepared sql query being executed : SELECT fieldname,modulename,tablename,entityidfield,entityidcolumn from vtiger_entityname
Wed Feb 15 20:01:44 2017,897 [2584] DEBUG VT - Entering isPermitted(Documents,DetailView,12) method ...
Wed Feb 15 20:01:44 2017,898 [2584] DEBUG VT - Entering getActionid(DetailView) method ...
Wed Feb 15 20:01:44 2017,898 [2584] INFO VT - get Actionid DetailView
Wed Feb 15 20:01:44 2017,899 [2584] INFO VT - action id selected is 4
Wed Feb 15 20:01:44 2017,899 [2584] DEBUG VT - Exiting getActionid method ...
Wed Feb 15 20:01:44 2017,899 [2584] DEBUG VT - Exiting isPermitted method ...
Wed Feb 15 20:01:44 2017,901 [2584] DEBUG VT - Prepared sql query being executed : SELECT * FROM vtiger_modtracker_basic WHERE crmid = ?  ORDER BY changedon DESC LIMIT 0, 20
Wed Feb 15 20:01:44 2017,901 [2584] DEBUG VT - Prepared sql query parameters : [12]
Wed Feb 15 20:01:44 2017,902 [2584] DEBUG notes - Entering Documents() method ...
Wed Feb 15 20:01:44 2017,902 [2584] DEBUG VT - Entering getColumnFields(Documents) method ...
Wed Feb 15 20:01:44 2017,902 [2584] DEBUG VT - in getColumnFields Documents
Wed Feb 15 20:01:44 2017,902 [2584] DEBUG VT - Prepared sql query being executed : SELECT tabid, fieldname, fieldid, fieldlabel, columnname, tablename, uitype, typeofdata, presence
		FROM vtiger_field WHERE tabid in (?)
Wed Feb 15 20:01:44 2017,902 [2584] DEBUG VT - Prepared sql query parameters : [8]
Wed Feb 15 20:01:44 2017,904 [2584] DEBUG VT - Exiting getColumnFields method ...
Wed Feb 15 20:01:44 2017,904 [2584] DEBUG notes - Exiting Documents method ...
Wed Feb 15 20:01:44 2017,904 [2584] DEBUG VT - Prepared sql query being executed : SELECT vtiger_notes.title AS vtiger_notesnotes_title,vtiger_crmentity.createdtime AS vtiger_crmentitycreatedtime,vtiger_crmentity.modifiedtime AS vtiger_crmentitymodifiedtime,vtiger_notes.filename AS vtiger_notesfilename,vtiger_crmentity.smownerid AS vtiger_crmentityassigned_user_id,vtiger_notes.notecontent AS vtiger_notesnotecontent,vtiger_notes.filetype AS vtiger_notesfiletype,vtiger_notes.filesize AS vtiger_notesfilesize,vtiger_notes.filelocationtype AS vtiger_notesfilelocationtype,vtiger_notes.fileversion AS vtiger_notesfileversion,vtiger_notes.filestatus AS vtiger_notesfilestatus,vtiger_notes.filedownloadcount AS vtiger_notesfiledownloadcount,vtiger_notes.folderid AS vtiger_notesfolderid,vtiger_notes.note_no AS vtiger_notesnote_no,vtiger_crmentity.modifiedby AS vtiger_crmentitymodifiedby,vtiger_crmentity.deleted FROM  vtiger_crmentity LEFT JOIN vtiger_notes ON vtiger_notes.notesid=vtiger_crmentity.crmid LEFT JOIN vtiger_senotesrel ON vtiger_senotesrel.notesid=vtiger_crmentity.crmid LEFT JOIN vtiger_notescf ON vtiger_notescf.notesid=vtiger_crmentity.crmid WHERE  vtiger_crmentity.crmid=?  LIMIT 1
Wed Feb 15 20:01:44 2017,904 [2584] DEBUG VT - Prepared sql query parameters : [12]
Wed Feb 15 20:01:44 2017,905 [2584] DEBUG VT - Prepared sql query being executed : SELECT COUNT(*) AS count FROM vtiger_modtracker_basic WHERE crmid = ?
Wed Feb 15 20:01:44 2017,905 [2584] DEBUG VT - Prepared sql query parameters : [12]
Wed Feb 15 20:01:45 2017,019 [2584] DEBUG user - Entering Users() method ...
Wed Feb 15 20:01:45 2017,019 [2584] DEBUG VT - Entering getColumnFields(Users) method ...
Wed Feb 15 20:01:45 2017,019 [2584] DEBUG VT - in getColumnFields Users
Wed Feb 15 20:01:45 2017,019 [2584] DEBUG VT - Exiting getColumnFields method ...
Wed Feb 15 20:01:45 2017,019 [2584] DEBUG user - Exiting Users() method ...
Wed Feb 15 20:01:45 2017,019 [2584] DEBUG VT - Entering into retrieve_entity_info(1, Users) method.
Wed Feb 15 20:01:45 2017,020 [2584] DEBUG VT - Prepared sql query being executed : select * from vtiger_users where id=?
Wed Feb 15 20:01:45 2017,020 [2584] DEBUG VT - Prepared sql query parameters : [1]
Wed Feb 15 20:01:45 2017,020 [2584] DEBUG VT - Prepared sql query being executed : select * from vtiger_attachments where attachmentsid=?
Wed Feb 15 20:01:45 2017,020 [2584] DEBUG VT - Prepared sql query parameters : [1]
Wed Feb 15 20:01:45 2017,020 [2584] DEBUG VT - Prepared sql query being executed : select * from vtiger_user2role where userid=?
Wed Feb 15 20:01:45 2017,020 [2584] DEBUG VT - Prepared sql query parameters : [1]
Wed Feb 15 20:01:45 2017,020 [2584] DEBUG VT - Prepared sql query being executed : select * from vtiger_asteriskextensions where userid=?
Wed Feb 15 20:01:45 2017,020 [2584] DEBUG VT - Prepared sql query parameters : [1]
Wed Feb 15 20:01:45 2017,021 [2584] DEBUG VT - Prepared sql query being executed : select * from vtiger_field where tabid=? and vtiger_field.presence in (0,2)
Wed Feb 15 20:01:45 2017,021 [2584] DEBUG VT - Prepared sql query parameters : [29]
Wed Feb 15 20:01:45 2017,028 [2584] DEBUG VT - Prepared sql query being executed : select * from vtiger_currency_info where id=? and currency_status='Active' and deleted=0
Wed Feb 15 20:01:45 2017,029 [2584] DEBUG VT - Prepared sql query parameters : [1]
Wed Feb 15 20:01:45 2017,029 [2584] DEBUG VT - Exit from retrieve_entity_info(1, Users) method.
Wed Feb 15 20:01:45 2017,029 [2584] DEBUG VT - Entering getDisplayDate(2017-02-15 09:50:49) method ...
Wed Feb 15 20:01:45 2017,030 [2584] DEBUG VT - Exiting getDisplayDate method ...
Wed Feb 15 20:01:45 2017,030 [2584] DEBUG VT - Entering getDisplayTime(2017-02-15 09:50:49) method ...
Wed Feb 15 20:01:45 2017,030 [2584] DEBUG VT - Exiting getDisplayTime method ...
Wed Feb 15 20:01:47 2017,357 [2584] INFO VT - PearDatabase ->ADODB disconnect
Wed Feb 15 20:01:47 2017,362 [2584] DEBUG user - Entering Users() method ...
Wed Feb 15 20:01:47 2017,362 [2584] DEBUG VT - Entering getColumnFields(Users) method ...
Wed Feb 15 20:01:47 2017,362 [2584] DEBUG VT - in getColumnFields Users
Wed Feb 15 20:01:47 2017,362 [2584] DEBUG VT - Prepared sql query being executed : SELECT tabid, name, ownedby FROM vtiger_tab
Wed Feb 15 20:01:47 2017,367 [2584] DEBUG VT - Prepared sql query being executed : SELECT tabid, fieldname, fieldid, fieldlabel, columnname, tablename, uitype, typeofdata, presence
		FROM vtiger_field WHERE tabid in (?)
Wed Feb 15 20:01:47 2017,367 [2584] DEBUG VT - Prepared sql query parameters : [29]
Wed Feb 15 20:01:47 2017,376 [2584] DEBUG VT - Exiting getColumnFields method ...
Wed Feb 15 20:01:47 2017,376 [2584] DEBUG user - Exiting Users() method ...
Wed Feb 15 20:01:47 2017,377 [2584] DEBUG VT - Prepared sql query being executed : SELECT * FROM vtiger_tab
Wed Feb 15 20:01:47 2017,388 [2584] DEBUG VT - Prepared sql query being executed : SELECT fieldname,modulename,tablename,entityidfield,entityidcolumn from vtiger_entityname
Wed Feb 15 20:01:47 2017,399 [2584] DEBUG VT - Prepared sql query being executed : SELECT * FROM vtiger_links WHERE linktype IN (?) 
Wed Feb 15 20:01:47 2017,399 [2584] DEBUG VT - Prepared sql query parameters : [HEADERSCRIPT]
Wed Feb 15 20:01:47 2017,401 [2584] DEBUG VT - Prepared sql query being executed : SELECT * FROM vtiger_links WHERE linktype IN (?) 
Wed Feb 15 20:01:47 2017,401 [2584] DEBUG VT - Prepared sql query parameters : [HEADERCSS]
Wed Feb 15 20:01:47 2017,402 [2584] DEBUG VT - Prepared sql query being executed : SELECT modulename,tablename,entityidfield,fieldname FROM vtiger_entityname
Wed Feb 15 20:01:47 2017,404 [2584] DEBUG VT - Prepared sql query being executed : SELECT * FROM vtiger_tab WHERE presence IN (?,?)
Wed Feb 15 20:01:47 2017,405 [2584] DEBUG VT - Prepared sql query parameters : [0,2]
Wed Feb 15 20:01:47 2017,409 [2584] DEBUG VT - Prepared sql query being executed : SELECT fieldname,modulename,tablename,entityidfield,entityidcolumn from vtiger_entityname
Wed Feb 15 20:01:47 2017,414 [2584] DEBUG VT - Prepared sql query being executed : SELECT fieldname,modulename,tablename,entityidfield,entityidcolumn from vtiger_entityname
Wed Feb 15 20:01:47 2017,423 [2584] DEBUG VT - Prepared sql query being executed : SELECT * FROM vtiger_organizationdetails WHERE organization_id=?
Wed Feb 15 20:01:47 2017,423 [2584] DEBUG VT - Prepared sql query parameters : [1]
Wed Feb 15 20:01:47 2017,424 [2584] DEBUG VT - Entering getDisplayDate(2017-2-15) method ...
Wed Feb 15 20:01:47 2017,424 [2584] DEBUG VT - Exiting getDisplayDate method ...
Wed Feb 15 20:01:47 2017,425 [2584] DEBUG VT - Prepared sql query being executed : SELECT * FROM vtiger_links WHERE linktype IN (?) 
Wed Feb 15 20:01:47 2017,425 [2584] DEBUG VT - Prepared sql query parameters : [HEADERLINK]
Wed Feb 15 20:01:47 2017,426 [2584] DEBUG VT - Prepared sql query being executed :  select * from vtiger_announcement inner join vtiger_users on vtiger_announcement.creatorid=vtiger_users.id AND vtiger_users.is_admin='on' AND vtiger_users.status='Active' AND vtiger_users.deleted = 0
Wed Feb 15 20:01:47 2017,426 [2584] DEBUG VT - Prepared sql query being executed : SELECT * FROM vtiger_tab WHERE presence IN (?,?)
Wed Feb 15 20:01:47 2017,426 [2584] DEBUG VT - Prepared sql query parameters : [0,2]
Wed Feb 15 20:01:47 2017,429 [2584] DEBUG VT - Prepared sql query being executed : SELECT fieldname,modulename,tablename,entityidfield,entityidcolumn from vtiger_entityname
Wed Feb 15 20:01:47 2017,432 [2584] DEBUG VT - Prepared sql query being executed : SELECT fieldname,modulename,tablename,entityidfield,entityidcolumn from vtiger_entityname
Wed Feb 15 20:01:47 2017,440 [2584] DEBUG VT - Prepared sql query being executed : SELECT * FROM vtiger_actionmapping
Wed Feb 15 20:01:47 2017,442 [2584] DEBUG VT - Prepared sql query being executed : SELECT * FROM vtiger_links WHERE (tabid=? OR tabid=0) AND linktype IN (?,?)
Wed Feb 15 20:01:47 2017,442 [2584] DEBUG VT - Prepared sql query parameters : [53,SIDEBARLINK,SIDEBARWIDGET]
Wed Feb 15 20:01:47 2017,443 [2584] DEBUG VT - Prepared sql query being executed : select * from vtiger_ws_entity where name=?
Wed Feb 15 20:01:47 2017,443 [2584] DEBUG VT - Prepared sql query parameters : [Buildings]
Wed Feb 15 20:01:47 2017,443 [2584] DEBUG buildings - Entering Buildings() method ...
Wed Feb 15 20:01:47 2017,443 [2584] DEBUG VT - Entering getColumnFields(Buildings) method ...
Wed Feb 15 20:01:47 2017,443 [2584] DEBUG VT - in getColumnFields Buildings
Wed Feb 15 20:01:47 2017,443 [2584] DEBUG VT - Prepared sql query being executed : SELECT tabid, fieldname, fieldid, fieldlabel, columnname, tablename, uitype, typeofdata, presence
		FROM vtiger_field WHERE tabid in (?)
Wed Feb 15 20:01:47 2017,443 [2584] DEBUG VT - Prepared sql query parameters : [53]
Wed Feb 15 20:01:47 2017,444 [2584] DEBUG VT - Exiting getColumnFields method ...
Wed Feb 15 20:01:47 2017,444 [2584] DEBUG buildings - Exiting Buildings method ...
Wed Feb 15 20:01:47 2017,445 [2584] DEBUG VT - Prepared sql query being executed : select distinct block,vtiger_field.tabid,name,blocklabel from vtiger_field inner join vtiger_blocks on vtiger_blocks.blockid=vtiger_field.block inner join vtiger_tab on vtiger_tab.tabid=vtiger_field.tabid where  vtiger_tab.name in (?) and vtiger_field.presence in (0,2) order by block
Wed Feb 15 20:01:47 2017,445 [2584] DEBUG VT - Prepared sql query parameters : [Buildings]
Wed Feb 15 20:01:47 2017,445 [2584] DEBUG VT - Prepared sql query being executed : select *, '0' as readonly from vtiger_field where tabid =? and block in (?) and displaytype in (1,2,3,4,5)
Wed Feb 15 20:01:47 2017,445 [2584] DEBUG VT - Prepared sql query parameters : [53,128]
Wed Feb 15 20:01:47 2017,447 [2584] DEBUG VT - Prepared sql query being executed : select * from vtiger_ws_fieldtype
Wed Feb 15 20:01:47 2017,449 [2584] DEBUG VT - Prepared sql query being executed : select relmodule as type from vtiger_fieldmodulerel where fieldid=?
Wed Feb 15 20:01:47 2017,449 [2584] DEBUG VT - Prepared sql query parameters : [767]
Wed Feb 15 20:01:47 2017,449 [2584] DEBUG VT - Entering getPermittedModuleNames() method ...
Wed Feb 15 20:01:47 2017,450 [2584] DEBUG VT - Exiting getPermittedModuleNames method ...
Wed Feb 15 20:01:47 2017,450 [2584] DEBUG VT - Prepared sql query being executed : select name,id,ismodule from vtiger_ws_entity
Wed Feb 15 20:01:47 2017,451 [2584] INFO VT - PearDatabase ->ADODB fetchByAssoc return null
Wed Feb 15 20:01:47 2017,451 [2584] DEBUG VT - Prepared sql query being executed : select * from vtiger_ws_entity
Wed Feb 15 20:01:47 2017,455 [2584] DEBUG VT - Prepared sql query being executed : select table_name, webservice_entity_id from vtiger_ws_entity_tables
Wed Feb 15 20:01:47 2017,458 [2584] DEBUG VT - Prepared sql query being executed : select relmodule as type from vtiger_fieldmodulerel where fieldid=?
Wed Feb 15 20:01:47 2017,458 [2584] DEBUG VT - Prepared sql query parameters : [768]
Wed Feb 15 20:01:47 2017,459 [2584] DEBUG VT - Prepared sql query being executed : select relmodule as type from vtiger_fieldmodulerel where fieldid=?
Wed Feb 15 20:01:47 2017,459 [2584] DEBUG VT - Prepared sql query parameters : [769]
Wed Feb 15 20:01:47 2017,459 [2584] DEBUG VT - Prepared sql query being executed : select relmodule as type from vtiger_fieldmodulerel where fieldid=?
Wed Feb 15 20:01:47 2017,459 [2584] DEBUG VT - Prepared sql query parameters : [770]
Wed Feb 15 20:01:47 2017,459 [2584] DEBUG VT - Prepared sql query being executed : select relmodule as type from vtiger_fieldmodulerel where fieldid=?
Wed Feb 15 20:01:47 2017,459 [2584] DEBUG VT - Prepared sql query parameters : [772]
Wed Feb 15 20:01:47 2017,460 [2584] DEBUG VT - Entering isPermittedCustomView(54,,Buildings) method....
Wed Feb 15 20:01:47 2017,460 [2584] DEBUG VT - Prepared sql query being executed : SELECT status, userid FROM vtiger_customview WHERE cvid=?
Wed Feb 15 20:01:47 2017,460 [2584] DEBUG VT - Prepared sql query parameters : [54]
Wed Feb 15 20:01:47 2017,460 [2584] DEBUG VT - Entering when status=0
Wed Feb 15 20:01:47 2017,460 [2584] DEBUG VT - Permission @@@@@@@@@@@@@@@@@@@@@@@@@@@ : yes
Wed Feb 15 20:01:47 2017,460 [2584] DEBUG VT - Exiting isPermittedCustomView(54,,Buildings) method....
Wed Feb 15 20:01:47 2017,460 [2584] DEBUG VT - Entering isPermittedCustomView(54,,Buildings) method....
Wed Feb 15 20:01:47 2017,461 [2584] DEBUG VT - Prepared sql query being executed : SELECT status, userid FROM vtiger_customview WHERE cvid=?
Wed Feb 15 20:01:47 2017,461 [2584] DEBUG VT - Prepared sql query parameters : [54]
Wed Feb 15 20:01:47 2017,461 [2584] DEBUG VT - Entering when status=0
Wed Feb 15 20:01:47 2017,461 [2584] DEBUG VT - Permission @@@@@@@@@@@@@@@@@@@@@@@@@@@ : yes
Wed Feb 15 20:01:47 2017,461 [2584] DEBUG VT - Exiting isPermittedCustomView(54,,Buildings) method....
Wed Feb 15 20:01:47 2017,461 [2584] DEBUG VT - Prepared sql query being executed : select vtiger_cvcolumnlist.* from vtiger_cvcolumnlist inner join vtiger_customview on vtiger_customview.cvid = vtiger_cvcolumnlist.cvid where vtiger_customview.cvid =? order by vtiger_cvcolumnlist.columnindex
Wed Feb 15 20:01:47 2017,461 [2584] DEBUG VT - Prepared sql query parameters : [54]
Wed Feb 15 20:01:47 2017,461 [2584] DEBUG VT - Prepared sql query being executed : select vtiger_cvstdfilter.* from vtiger_cvstdfilter inner join vtiger_customview on vtiger_customview.cvid = vtiger_cvstdfilter.cvid where vtiger_cvstdfilter.cvid=?
Wed Feb 15 20:01:47 2017,461 [2584] DEBUG VT - Prepared sql query parameters : [54]
Wed Feb 15 20:01:47 2017,461 [2584] DEBUG VT - Prepared sql query being executed : SELECT * FROM vtiger_cvadvfilter_grouping WHERE cvid = ? ORDER BY groupid
Wed Feb 15 20:01:47 2017,461 [2584] DEBUG VT - Prepared sql query parameters : [54]
Wed Feb 15 20:01:47 2017,462 [2584] DEBUG VT - Prepared sql query being executed : SELECT * FROM vtiger_customview WHERE entitytype=?
Wed Feb 15 20:01:47 2017,462 [2584] DEBUG VT - Prepared sql query parameters : [Buildings]
Wed Feb 15 20:01:47 2017,462 [2584] DEBUG VT - Entering isPermittedCustomView(54,,Buildings) method....
Wed Feb 15 20:01:47 2017,462 [2584] DEBUG VT - Prepared sql query being executed : SELECT status, userid FROM vtiger_customview WHERE cvid=?
Wed Feb 15 20:01:47 2017,462 [2584] DEBUG VT - Prepared sql query parameters : [54]
Wed Feb 15 20:01:47 2017,463 [2584] DEBUG VT - Entering when status=0
Wed Feb 15 20:01:47 2017,463 [2584] DEBUG VT - Permission @@@@@@@@@@@@@@@@@@@@@@@@@@@ : yes
Wed Feb 15 20:01:47 2017,463 [2584] DEBUG VT - Exiting isPermittedCustomView(54,,Buildings) method....
Wed Feb 15 20:01:47 2017,463 [2584] DEBUG VT - Prepared sql query being executed : SELECT * FROM vtiger_links WHERE (tabid=? OR tabid=0) AND linktype IN (?,?)
Wed Feb 15 20:01:47 2017,463 [2584] DEBUG VT - Prepared sql query parameters : [53,LISTVIEWSIDEBARLINK,LISTVIEWSIDEBARWIDGET]
Wed Feb 15 20:01:47 2017,464 [2584] DEBUG VT - Prepared sql query being executed : select vtiger_cvcolumnlist.* from vtiger_cvcolumnlist inner join vtiger_customview on vtiger_customview.cvid = vtiger_cvcolumnlist.cvid where vtiger_customview.cvid =? order by vtiger_cvcolumnlist.columnindex
Wed Feb 15 20:01:47 2017,464 [2584] DEBUG VT - Prepared sql query parameters : [54]
Wed Feb 15 20:01:47 2017,464 [2584] DEBUG VT - Prepared sql query being executed : select vtiger_cvstdfilter.* from vtiger_cvstdfilter inner join vtiger_customview on vtiger_customview.cvid = vtiger_cvstdfilter.cvid where vtiger_cvstdfilter.cvid=?
Wed Feb 15 20:01:47 2017,464 [2584] DEBUG VT - Prepared sql query parameters : [54]
Wed Feb 15 20:01:47 2017,464 [2584] DEBUG VT - Prepared sql query being executed : SELECT * FROM vtiger_cvadvfilter_grouping WHERE cvid = ? ORDER BY groupid
Wed Feb 15 20:01:47 2017,464 [2584] DEBUG VT - Prepared sql query parameters : [54]
Wed Feb 15 20:01:47 2017,464 [2584] DEBUG VT - Entering isPermittedCustomView(54,,Buildings) method....
Wed Feb 15 20:01:47 2017,464 [2584] DEBUG VT - Prepared sql query being executed : SELECT status, userid FROM vtiger_customview WHERE cvid=?
Wed Feb 15 20:01:47 2017,465 [2584] DEBUG VT - Prepared sql query parameters : [54]
Wed Feb 15 20:01:47 2017,465 [2584] DEBUG VT - Entering when status=0
Wed Feb 15 20:01:47 2017,465 [2584] DEBUG VT - Permission @@@@@@@@@@@@@@@@@@@@@@@@@@@ : yes
Wed Feb 15 20:01:47 2017,465 [2584] DEBUG VT - Exiting isPermittedCustomView(54,,Buildings) method....
Wed Feb 15 20:01:47 2017,465 [2584] DEBUG VT - Prepared sql query being executed : SELECT * FROM vtiger_links WHERE (tabid=? OR tabid=0) AND linktype IN (?)
Wed Feb 15 20:01:47 2017,465 [2584] DEBUG VT - Prepared sql query parameters : [53,LISTVIEWMASSACTION]
Wed Feb 15 20:01:47 2017,465 [2584] DEBUG VT - Prepared sql query being executed : SELECT fieldid FROM vtiger_field WHERE fieldname = ? AND tabid = ?
Wed Feb 15 20:01:47 2017,465 [2584] DEBUG VT - Prepared sql query parameters : [related_to,43]
Wed Feb 15 20:01:47 2017,465 [2584] DEBUG VT - Prepared sql query being executed : SELECT relmodule FROM vtiger_fieldmodulerel WHERE fieldid = ?
Wed Feb 15 20:01:47 2017,465 [2584] DEBUG VT - Prepared sql query parameters : [625]
Wed Feb 15 20:01:47 2017,466 [2584] DEBUG VT - Prepared sql query being executed : SELECT COUNT(fieldname) FROM vtiger_field WHERE tabid=?
Wed Feb 15 20:01:47 2017,466 [2584] DEBUG VT - Prepared sql query parameters : [53]
Wed Feb 15 20:01:47 2017,466 [2584] DEBUG VT - Prepared sql query being executed : SELECT * FROM vtiger_field WHERE tabid=?
Wed Feb 15 20:01:47 2017,466 [2584] DEBUG VT - Prepared sql query parameters : [53]
Wed Feb 15 20:01:47 2017,468 [2584] DEBUG VT - Prepared sql query being executed : SELECT * FROM vtiger_blocks WHERE blockid=?
Wed Feb 15 20:01:47 2017,468 [2584] DEBUG VT - Prepared sql query parameters : [128]
Wed Feb 15 20:01:47 2017,468 [2584] DEBUG buildings - Entering Buildings() method ...
Wed Feb 15 20:01:47 2017,468 [2584] DEBUG VT - Entering getColumnFields(Buildings) method ...
Wed Feb 15 20:01:47 2017,468 [2584] DEBUG VT - in getColumnFields Buildings
Wed Feb 15 20:01:47 2017,468 [2584] DEBUG VT - Exiting getColumnFields method ...
Wed Feb 15 20:01:47 2017,469 [2584] DEBUG buildings - Exiting Buildings method ...
Wed Feb 15 20:01:47 2017,469 [2584] DEBUG VT - Prepared sql query being executed : SELECT COUNT(fieldname) FROM vtiger_field WHERE tabid=?
Wed Feb 15 20:01:47 2017,469 [2584] DEBUG VT - Prepared sql query parameters : [53]
Wed Feb 15 20:01:47 2017,469 [2584] DEBUG VT - Prepared sql query being executed : SELECT * FROM vtiger_field WHERE tabid=?
Wed Feb 15 20:01:47 2017,469 [2584] DEBUG VT - Prepared sql query parameters : [53]
Wed Feb 15 20:01:47 2017,471 [2584] DEBUG buildings - Entering Buildings() method ...
Wed Feb 15 20:01:47 2017,471 [2584] DEBUG VT - Entering getColumnFields(Buildings) method ...
Wed Feb 15 20:01:47 2017,471 [2584] DEBUG VT - in getColumnFields Buildings
Wed Feb 15 20:01:47 2017,472 [2584] DEBUG VT - Exiting getColumnFields method ...
Wed Feb 15 20:01:47 2017,472 [2584] DEBUG buildings - Exiting Buildings method ...
Wed Feb 15 20:01:47 2017,472 [2584] DEBUG buildings - Entering Buildings() method ...
Wed Feb 15 20:01:47 2017,472 [2584] DEBUG VT - Entering getColumnFields(Buildings) method ...
Wed Feb 15 20:01:47 2017,472 [2584] DEBUG VT - in getColumnFields Buildings
Wed Feb 15 20:01:47 2017,472 [2584] DEBUG VT - Exiting getColumnFields method ...
Wed Feb 15 20:01:47 2017,472 [2584] DEBUG buildings - Exiting Buildings method ...
Wed Feb 15 20:01:47 2017,472 [2584] DEBUG VT - Prepared sql query being executed : SELECT vtiger_buildings.bdname, vtiger_buildings.buildingsid FROM vtiger_buildings  INNER JOIN vtiger_crmentity ON vtiger_buildings.buildingsid = vtiger_crmentity.crmid  WHERE vtiger_crmentity.deleted=0 AND vtiger_buildings.buildingsid > 0 ORDER BY modifiedtime DESC LIMIT 0,21
Wed Feb 15 20:01:47 2017,473 [2584] DEBUG VT - Entering isPermitted(PBXManager,MakeOutgoingCalls,) method ...
Wed Feb 15 20:01:47 2017,473 [2584] DEBUG VT - Entering getActionid(MakeOutgoingCalls) method ...
Wed Feb 15 20:01:47 2017,473 [2584] INFO VT - get Actionid MakeOutgoingCalls
Wed Feb 15 20:01:47 2017,473 [2584] INFO VT - action id selected is 12
Wed Feb 15 20:01:47 2017,473 [2584] DEBUG VT - Exiting getActionid method ...
Wed Feb 15 20:01:47 2017,473 [2584] DEBUG VT - Exiting isPermitted method ...
Wed Feb 15 20:01:47 2017,473 [2584] DEBUG VT - Prepared sql query being executed : SELECT * FROM vtiger_pbxmanager_gateway
Wed Feb 15 20:01:47 2017,473 [2584] DEBUG VT - Entering isPermitted(PBXManager,index,) method ...
Wed Feb 15 20:01:47 2017,473 [2584] DEBUG VT - Entering getActionid(index) method ...
Wed Feb 15 20:01:47 2017,473 [2584] INFO VT - get Actionid index
Wed Feb 15 20:01:47 2017,473 [2584] INFO VT - action id selected is 3
Wed Feb 15 20:01:47 2017,473 [2584] DEBUG VT - Exiting getActionid method ...
Wed Feb 15 20:01:47 2017,474 [2584] DEBUG VT - Exiting isPermitted method ...
Wed Feb 15 20:01:47 2017,474 [2584] DEBUG VT - Prepared sql query being executed : select * from vtiger_asteriskextensions where userid = ?
Wed Feb 15 20:01:47 2017,474 [2584] DEBUG VT - Prepared sql query parameters : [1]
Wed Feb 15 20:01:47 2017,474 [2584] DEBUG VT - Prepared sql query being executed : SELECT * FROM vtiger_links WHERE (tabid=? OR tabid=0) AND linktype IN (?,?,?)
Wed Feb 15 20:01:47 2017,474 [2584] DEBUG VT - Prepared sql query parameters : [53,LISTVIEWBASIC,LISTVIEW,LISTVIEWSETTING]
Wed Feb 15 20:01:47 2017,474 [2584] DEBUG VT - Entering isPermitted(Buildings,EditView,) method ...
Wed Feb 15 20:01:47 2017,474 [2584] DEBUG VT - Entering getActionid(EditView) method ...
Wed Feb 15 20:01:47 2017,474 [2584] INFO VT - get Actionid EditView
Wed Feb 15 20:01:47 2017,474 [2584] INFO VT - action id selected is 1
Wed Feb 15 20:01:47 2017,474 [2584] DEBUG VT - Exiting getActionid method ...
Wed Feb 15 20:01:47 2017,474 [2584] DEBUG VT - Exiting isPermitted method ...
Wed Feb 15 20:01:47 2017,475 [2584] DEBUG VT - Entering isPermitted(Buildings,EditView,) method ...
Wed Feb 15 20:01:47 2017,475 [2584] DEBUG VT - Entering getActionid(EditView) method ...
Wed Feb 15 20:01:47 2017,475 [2584] INFO VT - get Actionid EditView
Wed Feb 15 20:01:47 2017,475 [2584] INFO VT - action id selected is 1
Wed Feb 15 20:01:47 2017,475 [2584] DEBUG VT - Exiting getActionid method ...
Wed Feb 15 20:01:47 2017,475 [2584] DEBUG VT - Exiting isPermitted method ...
Wed Feb 15 20:01:47 2017,475 [2584] DEBUG VT - Entering isPermitted(Buildings,Import,) method ...
Wed Feb 15 20:01:47 2017,475 [2584] DEBUG VT - Entering getActionid(Import) method ...
Wed Feb 15 20:01:47 2017,475 [2584] INFO VT - get Actionid Import
Wed Feb 15 20:01:47 2017,475 [2584] INFO VT - action id selected is 5
Wed Feb 15 20:01:47 2017,475 [2584] DEBUG VT - Exiting getActionid method ...
Wed Feb 15 20:01:47 2017,475 [2584] DEBUG VT - Exiting isPermitted method ...
Wed Feb 15 20:01:47 2017,475 [2584] DEBUG VT - Entering isPermitted(Buildings,Export,) method ...
Wed Feb 15 20:01:47 2017,475 [2584] DEBUG VT - Entering getActionid(Export) method ...
Wed Feb 15 20:01:47 2017,475 [2584] INFO VT - get Actionid Export
Wed Feb 15 20:01:47 2017,475 [2584] INFO VT - action id selected is 6
Wed Feb 15 20:01:47 2017,476 [2584] DEBUG VT - Exiting getActionid method ...
Wed Feb 15 20:01:47 2017,476 [2584] DEBUG VT - Exiting isPermitted method ...
Wed Feb 15 20:01:47 2017,476 [2584] DEBUG VT - Entering isPermitted(Buildings,DuplicatesHandling,) method ...
Wed Feb 15 20:01:47 2017,476 [2584] DEBUG VT - Entering getActionid(DuplicatesHandling) method ...
Wed Feb 15 20:01:47 2017,476 [2584] INFO VT - get Actionid DuplicatesHandling
Wed Feb 15 20:01:47 2017,476 [2584] INFO VT - action id selected is 10
Wed Feb 15 20:01:47 2017,476 [2584] DEBUG VT - Exiting getActionid method ...
Wed Feb 15 20:01:47 2017,476 [2584] DEBUG VT - Exiting isPermitted method ...
Wed Feb 15 20:01:47 2017,476 [2584] DEBUG VT - Prepared sql query being executed : SELECT name FROM vtiger_tab WHERE name not in (?,?,?,?,?) AND isentitytype=1 AND presence = 0 AND tabid = ?
Wed Feb 15 20:01:47 2017,476 [2584] DEBUG VT - Prepared sql query parameters : [Calendar,Emails,Faq,Events,Users,53]
Wed Feb 15 20:01:47 2017,476 [2584] DEBUG VT - Prepared sql query being executed : SELECT 1 FROM vtiger_field WHERE uitype=4 and tabid=?
Wed Feb 15 20:01:47 2017,476 [2584] DEBUG VT - Prepared sql query parameters : [53]
Wed Feb 15 20:01:47 2017,477 [2584] DEBUG VT - Entering getAllUserGroups(1) method...
Wed Feb 15 20:01:47 2017,477 [2584] DEBUG VT - Prepared sql query being executed : select * from vtiger_users2group where userid=?
Wed Feb 15 20:01:47 2017,477 [2584] DEBUG VT - Prepared sql query parameters : [1]
Wed Feb 15 20:01:47 2017,477 [2584] DEBUG VT - Entering fetchUserRole(1) method ...
Wed Feb 15 20:01:47 2017,477 [2584] DEBUG VT - Prepared sql query being executed : select roleid from vtiger_user2role where userid=?
Wed Feb 15 20:01:47 2017,477 [2584] DEBUG VT - Prepared sql query parameters : [1]
Wed Feb 15 20:01:47 2017,477 [2584] DEBUG VT - Exiting fetchUserRole method ...
Wed Feb 15 20:01:47 2017,477 [2584] DEBUG VT - Prepared sql query being executed : select * from vtiger_group2role where roleid=?
Wed Feb 15 20:01:47 2017,477 [2584] DEBUG VT - Prepared sql query parameters : [H2]
Wed Feb 15 20:01:47 2017,478 [2584] DEBUG VT - Entering getParentRole(H2) method ...
Wed Feb 15 20:01:47 2017,478 [2584] DEBUG VT - Entering getRoleInformation(H2) method ...
Wed Feb 15 20:01:47 2017,478 [2584] DEBUG VT - Prepared sql query being executed : select * from vtiger_role where roleid=?
Wed Feb 15 20:01:47 2017,478 [2584] DEBUG VT - Prepared sql query parameters : [H2]
Wed Feb 15 20:01:47 2017,478 [2584] DEBUG VT - Exiting getRoleInformation method ...
Wed Feb 15 20:01:47 2017,478 [2584] DEBUG VT - Exiting getParentRole method ...
Wed Feb 15 20:01:47 2017,478 [2584] DEBUG VT - Prepared sql query being executed : select * from vtiger_group2rs where roleandsubid in (?,?)
Wed Feb 15 20:01:47 2017,478 [2584] DEBUG VT - Prepared sql query parameters : [H1,H2]
Wed Feb 15 20:01:47 2017,479 [2584] DEBUG VT - Entering getAllParentGroups(3) method...
Wed Feb 15 20:01:47 2017,479 [2584] DEBUG VT - Prepared sql query being executed : select groupid from vtiger_group2grouprel where containsgroupid=?
Wed Feb 15 20:01:47 2017,479 [2584] DEBUG VT - Prepared sql query parameters : [3]
Wed Feb 15 20:01:47 2017,479 [2584] DEBUG VT - Exiting getAllParentGroups method...
Wed Feb 15 20:01:47 2017,479 [2584] DEBUG VT - Exiting getAllUserGroups method...
Wed Feb 15 20:01:47 2017,479 [2584] DEBUG VT - Entering isPermitted(Buildings,EditView,) method ...
Wed Feb 15 20:01:47 2017,479 [2584] DEBUG VT - Entering getActionid(EditView) method ...
Wed Feb 15 20:01:47 2017,479 [2584] INFO VT - get Actionid EditView
Wed Feb 15 20:01:47 2017,479 [2584] INFO VT - action id selected is 1
Wed Feb 15 20:01:47 2017,480 [2584] DEBUG VT - Exiting getActionid method ...
Wed Feb 15 20:01:47 2017,480 [2584] DEBUG VT - Exiting isPermitted method ...
Wed Feb 15 20:01:47 2017,480 [2584] DEBUG VT - Entering isPermitted(Buildings,Delete,) method ...
Wed Feb 15 20:01:47 2017,480 [2584] DEBUG VT - Entering getActionid(Delete) method ...
Wed Feb 15 20:01:47 2017,480 [2584] INFO VT - get Actionid Delete
Wed Feb 15 20:01:47 2017,480 [2584] INFO VT - action id selected is 2
Wed Feb 15 20:01:47 2017,480 [2584] DEBUG VT - Exiting getActionid method ...
Wed Feb 15 20:01:47 2017,480 [2584] DEBUG VT - Exiting isPermitted method ...
Wed Feb 15 20:01:47 2017,486 [2584] DEBUG VT - Entering isPermitted(Campaigns,EditView,) method ...
Wed Feb 15 20:01:47 2017,486 [2584] DEBUG VT - Entering getActionid(EditView) method ...
Wed Feb 15 20:01:47 2017,486 [2584] INFO VT - get Actionid EditView
Wed Feb 15 20:01:47 2017,486 [2584] INFO VT - action id selected is 1
Wed Feb 15 20:01:47 2017,486 [2584] DEBUG VT - Exiting getActionid method ...
Wed Feb 15 20:01:47 2017,487 [2584] DEBUG VT - Exiting isPermitted method ...
Wed Feb 15 20:01:47 2017,487 [2584] DEBUG VT - Entering isPermitted(Leads,EditView,) method ...
Wed Feb 15 20:01:47 2017,487 [2584] DEBUG VT - Entering getActionid(EditView) method ...
Wed Feb 15 20:01:47 2017,487 [2584] INFO VT - get Actionid EditView
Wed Feb 15 20:01:47 2017,487 [2584] INFO VT - action id selected is 1
Wed Feb 15 20:01:47 2017,487 [2584] DEBUG VT - Exiting getActionid method ...
Wed Feb 15 20:01:47 2017,487 [2584] DEBUG VT - Exiting isPermitted method ...
Wed Feb 15 20:01:47 2017,488 [2584] DEBUG VT - Entering isPermitted(Contacts,EditView,) method ...
Wed Feb 15 20:01:47 2017,488 [2584] DEBUG VT - Entering getActionid(EditView) method ...
Wed Feb 15 20:01:47 2017,488 [2584] INFO VT - get Actionid EditView
Wed Feb 15 20:01:47 2017,488 [2584] INFO VT - action id selected is 1
Wed Feb 15 20:01:47 2017,488 [2584] DEBUG VT - Exiting getActionid method ...
Wed Feb 15 20:01:47 2017,488 [2584] DEBUG VT - Exiting isPermitted method ...
Wed Feb 15 20:01:47 2017,488 [2584] DEBUG VT - Entering isPermitted(Accounts,EditView,) method ...
Wed Feb 15 20:01:47 2017,488 [2584] DEBUG VT - Entering getActionid(EditView) method ...
Wed Feb 15 20:01:47 2017,488 [2584] INFO VT - get Actionid EditView
Wed Feb 15 20:01:47 2017,488 [2584] INFO VT - action id selected is 1
Wed Feb 15 20:01:47 2017,488 [2584] DEBUG VT - Exiting getActionid method ...
Wed Feb 15 20:01:47 2017,489 [2584] DEBUG VT - Exiting isPermitted method ...
Wed Feb 15 20:01:47 2017,489 [2584] DEBUG VT - Entering isPermitted(Potentials,EditView,) method ...
Wed Feb 15 20:01:47 2017,489 [2584] DEBUG VT - Entering getActionid(EditView) method ...
Wed Feb 15 20:01:47 2017,489 [2584] INFO VT - get Actionid EditView
Wed Feb 15 20:01:47 2017,489 [2584] INFO VT - action id selected is 1
Wed Feb 15 20:01:47 2017,489 [2584] DEBUG VT - Exiting getActionid method ...
Wed Feb 15 20:01:47 2017,489 [2584] DEBUG VT - Exiting isPermitted method ...
Wed Feb 15 20:01:47 2017,489 [2584] DEBUG VT - Entering isPermitted(Quotes,EditView,) method ...
Wed Feb 15 20:01:47 2017,489 [2584] DEBUG VT - Entering getActionid(EditView) method ...
Wed Feb 15 20:01:47 2017,489 [2584] INFO VT - get Actionid EditView
Wed Feb 15 20:01:47 2017,489 [2584] INFO VT - action id selected is 1
Wed Feb 15 20:01:47 2017,489 [2584] DEBUG VT - Exiting getActionid method ...
Wed Feb 15 20:01:47 2017,489 [2584] DEBUG VT - Exiting isPermitted method ...
Wed Feb 15 20:01:47 2017,489 [2584] DEBUG VT - Entering isPermitted(Invoice,EditView,) method ...
Wed Feb 15 20:01:47 2017,489 [2584] DEBUG VT - Entering getActionid(EditView) method ...
Wed Feb 15 20:01:47 2017,490 [2584] INFO VT - get Actionid EditView
Wed Feb 15 20:01:47 2017,490 [2584] INFO VT - action id selected is 1
Wed Feb 15 20:01:47 2017,490 [2584] DEBUG VT - Exiting getActionid method ...
Wed Feb 15 20:01:47 2017,490 [2584] DEBUG VT - Exiting isPermitted method ...
Wed Feb 15 20:01:47 2017,490 [2584] DEBUG VT - Entering isPermitted(SalesOrder,EditView,) method ...
Wed Feb 15 20:01:47 2017,490 [2584] DEBUG VT - Entering getActionid(EditView) method ...
Wed Feb 15 20:01:47 2017,490 [2584] INFO VT - get Actionid EditView
Wed Feb 15 20:01:47 2017,490 [2584] INFO VT - action id selected is 1
Wed Feb 15 20:01:47 2017,490 [2584] DEBUG VT - Exiting getActionid method ...
Wed Feb 15 20:01:47 2017,490 [2584] DEBUG VT - Exiting isPermitted method ...
Wed Feb 15 20:01:47 2017,490 [2584] DEBUG VT - Entering isPermitted(HelpDesk,EditView,) method ...
Wed Feb 15 20:01:47 2017,490 [2584] DEBUG VT - Entering getActionid(EditView) method ...
Wed Feb 15 20:01:47 2017,490 [2584] INFO VT - get Actionid EditView
Wed Feb 15 20:01:47 2017,490 [2584] INFO VT - action id selected is 1
Wed Feb 15 20:01:47 2017,490 [2584] DEBUG VT - Exiting getActionid method ...
Wed Feb 15 20:01:47 2017,491 [2584] DEBUG VT - Exiting isPermitted method ...
Wed Feb 15 20:01:47 2017,491 [2584] DEBUG VT - Entering isPermitted(Faq,EditView,) method ...
Wed Feb 15 20:01:47 2017,491 [2584] DEBUG VT - Entering getActionid(EditView) method ...
Wed Feb 15 20:01:47 2017,491 [2584] INFO VT - get Actionid EditView
Wed Feb 15 20:01:47 2017,491 [2584] INFO VT - action id selected is 1
Wed Feb 15 20:01:47 2017,491 [2584] DEBUG VT - Exiting getActionid method ...
Wed Feb 15 20:01:47 2017,491 [2584] DEBUG VT - Exiting isPermitted method ...
Wed Feb 15 20:01:47 2017,491 [2584] DEBUG VT - Entering isPermitted(Project,EditView,) method ...
Wed Feb 15 20:01:47 2017,491 [2584] DEBUG VT - Entering getActionid(EditView) method ...
Wed Feb 15 20:01:47 2017,491 [2584] INFO VT - get Actionid EditView
Wed Feb 15 20:01:47 2017,491 [2584] INFO VT - action id selected is 1
Wed Feb 15 20:01:47 2017,491 [2584] DEBUG VT - Exiting getActionid method ...
Wed Feb 15 20:01:47 2017,491 [2584] DEBUG VT - Exiting isPermitted method ...
Wed Feb 15 20:01:47 2017,491 [2584] DEBUG VT - Entering isPermitted(Assets,EditView,) method ...
Wed Feb 15 20:01:47 2017,491 [2584] DEBUG VT - Entering getActionid(EditView) method ...
Wed Feb 15 20:01:47 2017,492 [2584] INFO VT - get Actionid EditView
Wed Feb 15 20:01:47 2017,492 [2584] INFO VT - action id selected is 1
Wed Feb 15 20:01:47 2017,492 [2584] DEBUG VT - Exiting getActionid method ...
Wed Feb 15 20:01:47 2017,492 [2584] DEBUG VT - Exiting isPermitted method ...
Wed Feb 15 20:01:47 2017,492 [2584] DEBUG VT - Entering isPermitted(ServiceContracts,EditView,) method ...
Wed Feb 15 20:01:47 2017,492 [2584] DEBUG VT - Entering getActionid(EditView) method ...
Wed Feb 15 20:01:47 2017,492 [2584] INFO VT - get Actionid EditView
Wed Feb 15 20:01:47 2017,492 [2584] INFO VT - action id selected is 1
Wed Feb 15 20:01:47 2017,492 [2584] DEBUG VT - Exiting getActionid method ...
Wed Feb 15 20:01:47 2017,492 [2584] DEBUG VT - Exiting isPermitted method ...
Wed Feb 15 20:01:47 2017,492 [2584] DEBUG VT - Entering isPermitted(Products,EditView,) method ...
Wed Feb 15 20:01:47 2017,492 [2584] DEBUG VT - Entering getActionid(EditView) method ...
Wed Feb 15 20:01:47 2017,492 [2584] INFO VT - get Actionid EditView
Wed Feb 15 20:01:47 2017,492 [2584] INFO VT - action id selected is 1
Wed Feb 15 20:01:47 2017,492 [2584] DEBUG VT - Exiting getActionid method ...
Wed Feb 15 20:01:47 2017,493 [2584] DEBUG VT - Exiting isPermitted method ...
Wed Feb 15 20:01:47 2017,493 [2584] DEBUG VT - Entering isPermitted(Services,EditView,) method ...
Wed Feb 15 20:01:47 2017,493 [2584] DEBUG VT - Entering getActionid(EditView) method ...
Wed Feb 15 20:01:47 2017,493 [2584] INFO VT - get Actionid EditView
Wed Feb 15 20:01:47 2017,493 [2584] INFO VT - action id selected is 1
Wed Feb 15 20:01:47 2017,493 [2584] DEBUG VT - Exiting getActionid method ...
Wed Feb 15 20:01:47 2017,493 [2584] DEBUG VT - Exiting isPermitted method ...
Wed Feb 15 20:01:47 2017,493 [2584] DEBUG VT - Entering isPermitted(PriceBooks,EditView,) method ...
Wed Feb 15 20:01:47 2017,493 [2584] DEBUG VT - Entering getActionid(EditView) method ...
Wed Feb 15 20:01:47 2017,493 [2584] INFO VT - get Actionid EditView
Wed Feb 15 20:01:47 2017,493 [2584] INFO VT - action id selected is 1
Wed Feb 15 20:01:47 2017,493 [2584] DEBUG VT - Exiting getActionid method ...
Wed Feb 15 20:01:47 2017,493 [2584] DEBUG VT - Exiting isPermitted method ...
Wed Feb 15 20:01:47 2017,493 [2584] DEBUG VT - Entering isPermitted(Vendors,EditView,) method ...
Wed Feb 15 20:01:47 2017,494 [2584] DEBUG VT - Entering getActionid(EditView) method ...
Wed Feb 15 20:01:47 2017,494 [2584] INFO VT - get Actionid EditView
Wed Feb 15 20:01:47 2017,494 [2584] INFO VT - action id selected is 1
Wed Feb 15 20:01:47 2017,494 [2584] DEBUG VT - Exiting getActionid method ...
Wed Feb 15 20:01:47 2017,494 [2584] DEBUG VT - Exiting isPermitted method ...
Wed Feb 15 20:01:47 2017,494 [2584] DEBUG VT - Entering isPermitted(PurchaseOrder,EditView,) method ...
Wed Feb 15 20:01:47 2017,494 [2584] DEBUG VT - Entering getActionid(EditView) method ...
Wed Feb 15 20:01:47 2017,494 [2584] INFO VT - get Actionid EditView
Wed Feb 15 20:01:47 2017,494 [2584] INFO VT - action id selected is 1
Wed Feb 15 20:01:47 2017,494 [2584] DEBUG VT - Exiting getActionid method ...
Wed Feb 15 20:01:47 2017,495 [2584] DEBUG VT - Exiting isPermitted method ...
Wed Feb 15 20:01:47 2017,495 [2584] DEBUG VT - Entering isPermitted(MailManager,EditView,) method ...
Wed Feb 15 20:01:47 2017,495 [2584] DEBUG VT - Entering getActionid(EditView) method ...
Wed Feb 15 20:01:47 2017,495 [2584] INFO VT - get Actionid EditView
Wed Feb 15 20:01:47 2017,495 [2584] INFO VT - action id selected is 1
Wed Feb 15 20:01:47 2017,495 [2584] DEBUG VT - Exiting getActionid method ...
Wed Feb 15 20:01:47 2017,495 [2584] DEBUG VT - Exiting isPermitted method ...
Wed Feb 15 20:01:47 2017,495 [2584] DEBUG VT - Entering isPermitted(Calendar,EditView,) method ...
Wed Feb 15 20:01:47 2017,495 [2584] DEBUG VT - Entering getActionid(EditView) method ...
Wed Feb 15 20:01:47 2017,495 [2584] INFO VT - get Actionid EditView
Wed Feb 15 20:01:47 2017,496 [2584] INFO VT - action id selected is 1
Wed Feb 15 20:01:47 2017,496 [2584] DEBUG VT - Exiting getActionid method ...
Wed Feb 15 20:01:47 2017,496 [2584] DEBUG VT - Exiting isPermitted method ...
Wed Feb 15 20:01:47 2017,496 [2584] DEBUG VT - Entering isPermitted(Documents,EditView,) method ...
Wed Feb 15 20:01:47 2017,496 [2584] DEBUG VT - Entering getActionid(EditView) method ...
Wed Feb 15 20:01:47 2017,496 [2584] INFO VT - get Actionid EditView
Wed Feb 15 20:01:47 2017,496 [2584] INFO VT - action id selected is 1
Wed Feb 15 20:01:47 2017,496 [2584] DEBUG VT - Exiting getActionid method ...
Wed Feb 15 20:01:47 2017,496 [2584] DEBUG VT - Exiting isPermitted method ...
Wed Feb 15 20:01:47 2017,496 [2584] DEBUG VT - Entering isPermitted(RecycleBin,EditView,) method ...
Wed Feb 15 20:01:47 2017,496 [2584] DEBUG VT - Entering getActionid(EditView) method ...
Wed Feb 15 20:01:47 2017,496 [2584] INFO VT - get Actionid EditView
Wed Feb 15 20:01:47 2017,496 [2584] INFO VT - action id selected is 1
Wed Feb 15 20:01:47 2017,496 [2584] DEBUG VT - Exiting getActionid method ...
Wed Feb 15 20:01:47 2017,497 [2584] DEBUG VT - Exiting isPermitted method ...
Wed Feb 15 20:01:47 2017,497 [2584] DEBUG VT - Entering isPermitted(Licensing,EditView,) method ...
Wed Feb 15 20:01:47 2017,497 [2584] DEBUG VT - Entering getActionid(EditView) method ...
Wed Feb 15 20:01:47 2017,497 [2584] INFO VT - get Actionid EditView
Wed Feb 15 20:01:47 2017,497 [2584] INFO VT - action id selected is 1
Wed Feb 15 20:01:47 2017,497 [2584] DEBUG VT - Exiting getActionid method ...
Wed Feb 15 20:01:47 2017,497 [2584] DEBUG VT - Exiting isPermitted method ...
Wed Feb 15 20:01:47 2017,497 [2584] DEBUG VT - Entering isPermitted(Reports,EditView,) method ...
Wed Feb 15 20:01:47 2017,497 [2584] DEBUG VT - Entering getActionid(EditView) method ...
Wed Feb 15 20:01:47 2017,497 [2584] INFO VT - get Actionid EditView
Wed Feb 15 20:01:47 2017,497 [2584] INFO VT - action id selected is 1
Wed Feb 15 20:01:47 2017,497 [2584] DEBUG VT - Exiting getActionid method ...
Wed Feb 15 20:01:47 2017,497 [2584] DEBUG VT - Exiting isPermitted method ...
Wed Feb 15 20:01:47 2017,497 [2584] DEBUG VT - Entering isPermitted(Rss,EditView,) method ...
Wed Feb 15 20:01:47 2017,498 [2584] DEBUG VT - Entering getActionid(EditView) method ...
Wed Feb 15 20:01:47 2017,498 [2584] INFO VT - get Actionid EditView
Wed Feb 15 20:01:47 2017,498 [2584] INFO VT - action id selected is 1
Wed Feb 15 20:01:47 2017,498 [2584] DEBUG VT - Exiting getActionid method ...
Wed Feb 15 20:01:47 2017,498 [2584] DEBUG VT - Exiting isPermitted method ...
Wed Feb 15 20:01:47 2017,498 [2584] DEBUG VT - Entering isPermitted(EmailTemplates,EditView,) method ...
Wed Feb 15 20:01:47 2017,498 [2584] DEBUG VT - Entering getActionid(EditView) method ...
Wed Feb 15 20:01:47 2017,498 [2584] INFO VT - get Actionid EditView
Wed Feb 15 20:01:47 2017,498 [2584] INFO VT - action id selected is 1
Wed Feb 15 20:01:47 2017,498 [2584] DEBUG VT - Exiting getActionid method ...
Wed Feb 15 20:01:47 2017,498 [2584] DEBUG VT - Exiting isPermitted method ...
Wed Feb 15 20:01:47 2017,498 [2584] DEBUG VT - Entering isPermitted(Urbanisme,EditView,) method ...
Wed Feb 15 20:01:47 2017,498 [2584] DEBUG VT - Entering getActionid(EditView) method ...
Wed Feb 15 20:01:47 2017,498 [2584] INFO VT - get Actionid EditView
Wed Feb 15 20:01:47 2017,498 [2584] INFO VT - action id selected is 1
Wed Feb 15 20:01:47 2017,498 [2584] DEBUG VT - Exiting getActionid method ...
Wed Feb 15 20:01:47 2017,499 [2584] DEBUG VT - Exiting isPermitted method ...
Wed Feb 15 20:01:47 2017,499 [2584] DEBUG VT - Entering isPermitted(Ocas,EditView,) method ...
Wed Feb 15 20:01:47 2017,499 [2584] DEBUG VT - Entering getActionid(EditView) method ...
Wed Feb 15 20:01:47 2017,499 [2584] INFO VT - get Actionid EditView
Wed Feb 15 20:01:47 2017,499 [2584] INFO VT - action id selected is 1
Wed Feb 15 20:01:47 2017,499 [2584] DEBUG VT - Exiting getActionid method ...
Wed Feb 15 20:01:47 2017,499 [2584] DEBUG VT - Exiting isPermitted method ...
Wed Feb 15 20:01:47 2017,499 [2584] DEBUG VT - Entering isPermitted(Bulletins,EditView,) method ...
Wed Feb 15 20:01:47 2017,499 [2584] DEBUG VT - Entering getActionid(EditView) method ...
Wed Feb 15 20:01:47 2017,499 [2584] INFO VT - get Actionid EditView
Wed Feb 15 20:01:47 2017,499 [2584] INFO VT - action id selected is 1
Wed Feb 15 20:01:47 2017,499 [2584] DEBUG VT - Exiting getActionid method ...
Wed Feb 15 20:01:47 2017,499 [2584] DEBUG VT - Exiting isPermitted method ...
Wed Feb 15 20:01:47 2017,499 [2584] DEBUG VT - Entering isPermitted(Buildings,EditView,) method ...
Wed Feb 15 20:01:47 2017,500 [2584] DEBUG VT - Entering getActionid(EditView) method ...
Wed Feb 15 20:01:47 2017,500 [2584] INFO VT - get Actionid EditView
Wed Feb 15 20:01:47 2017,500 [2584] INFO VT - action id selected is 1
Wed Feb 15 20:01:47 2017,500 [2584] DEBUG VT - Exiting getActionid method ...
Wed Feb 15 20:01:47 2017,500 [2584] DEBUG VT - Exiting isPermitted method ...
Wed Feb 15 20:01:47 2017,500 [2584] DEBUG VT - Entering isPermitted(Buildprojects,EditView,) method ...
Wed Feb 15 20:01:47 2017,500 [2584] DEBUG VT - Entering getActionid(EditView) method ...
Wed Feb 15 20:01:47 2017,500 [2584] INFO VT - get Actionid EditView
Wed Feb 15 20:01:47 2017,500 [2584] INFO VT - action id selected is 1
Wed Feb 15 20:01:47 2017,500 [2584] DEBUG VT - Exiting getActionid method ...
Wed Feb 15 20:01:47 2017,500 [2584] DEBUG VT - Exiting isPermitted method ...
Wed Feb 15 20:01:47 2017,500 [2584] DEBUG VT - Entering isPermitted(Technicalreports,EditView,) method ...
Wed Feb 15 20:01:47 2017,500 [2584] DEBUG VT - Entering getActionid(EditView) method ...
Wed Feb 15 20:01:47 2017,500 [2584] INFO VT - get Actionid EditView
Wed Feb 15 20:01:47 2017,501 [2584] INFO VT - action id selected is 1
Wed Feb 15 20:01:47 2017,501 [2584] DEBUG VT - Exiting getActionid method ...
Wed Feb 15 20:01:47 2017,501 [2584] DEBUG VT - Exiting isPermitted method ...
Wed Feb 15 20:01:47 2017,501 [2584] DEBUG VT - Entering isPermitted(Portal,EditView,) method ...
Wed Feb 15 20:01:47 2017,501 [2584] DEBUG VT - Entering getActionid(EditView) method ...
Wed Feb 15 20:01:47 2017,501 [2584] INFO VT - get Actionid EditView
Wed Feb 15 20:01:47 2017,501 [2584] INFO VT - action id selected is 1
Wed Feb 15 20:01:47 2017,501 [2584] DEBUG VT - Exiting getActionid method ...
Wed Feb 15 20:01:47 2017,501 [2584] DEBUG VT - Exiting isPermitted method ...
Wed Feb 15 20:01:47 2017,504 [2584] DEBUG VT - Entering isPermitted(Campaigns,EditView,) method ...
Wed Feb 15 20:01:47 2017,504 [2584] DEBUG VT - Entering getActionid(EditView) method ...
Wed Feb 15 20:01:47 2017,504 [2584] INFO VT - get Actionid EditView
Wed Feb 15 20:01:47 2017,504 [2584] INFO VT - action id selected is 1
Wed Feb 15 20:01:47 2017,504 [2584] DEBUG VT - Exiting getActionid method ...
Wed Feb 15 20:01:47 2017,504 [2584] DEBUG VT - Exiting isPermitted method ...
Wed Feb 15 20:01:47 2017,504 [2584] DEBUG VT - Entering isPermitted(Leads,EditView,) method ...
Wed Feb 15 20:01:47 2017,504 [2584] DEBUG VT - Entering getActionid(EditView) method ...
Wed Feb 15 20:01:47 2017,504 [2584] INFO VT - get Actionid EditView
Wed Feb 15 20:01:47 2017,504 [2584] INFO VT - action id selected is 1
Wed Feb 15 20:01:47 2017,504 [2584] DEBUG VT - Exiting getActionid method ...
Wed Feb 15 20:01:47 2017,504 [2584] DEBUG VT - Exiting isPermitted method ...
Wed Feb 15 20:01:47 2017,505 [2584] DEBUG VT - Entering isPermitted(Contacts,EditView,) method ...
Wed Feb 15 20:01:47 2017,505 [2584] DEBUG VT - Entering getActionid(EditView) method ...
Wed Feb 15 20:01:47 2017,505 [2584] INFO VT - get Actionid EditView
Wed Feb 15 20:01:47 2017,505 [2584] INFO VT - action id selected is 1
Wed Feb 15 20:01:47 2017,505 [2584] DEBUG VT - Exiting getActionid method ...
Wed Feb 15 20:01:47 2017,505 [2584] DEBUG VT - Exiting isPermitted method ...
Wed Feb 15 20:01:47 2017,505 [2584] DEBUG VT - Entering isPermitted(Accounts,EditView,) method ...
Wed Feb 15 20:01:47 2017,505 [2584] DEBUG VT - Entering getActionid(EditView) method ...
Wed Feb 15 20:01:47 2017,505 [2584] INFO VT - get Actionid EditView
Wed Feb 15 20:01:47 2017,505 [2584] INFO VT - action id selected is 1
Wed Feb 15 20:01:47 2017,505 [2584] DEBUG VT - Exiting getActionid method ...
Wed Feb 15 20:01:47 2017,505 [2584] DEBUG VT - Exiting isPermitted method ...
Wed Feb 15 20:01:47 2017,505 [2584] DEBUG VT - Entering isPermitted(Potentials,EditView,) method ...
Wed Feb 15 20:01:47 2017,505 [2584] DEBUG VT - Entering getActionid(EditView) method ...
Wed Feb 15 20:01:47 2017,505 [2584] INFO VT - get Actionid EditView
Wed Feb 15 20:01:47 2017,506 [2584] INFO VT - action id selected is 1
Wed Feb 15 20:01:47 2017,506 [2584] DEBUG VT - Exiting getActionid method ...
Wed Feb 15 20:01:47 2017,506 [2584] DEBUG VT - Exiting isPermitted method ...
Wed Feb 15 20:01:47 2017,506 [2584] DEBUG VT - Entering isPermitted(Quotes,EditView,) method ...
Wed Feb 15 20:01:47 2017,506 [2584] DEBUG VT - Entering getActionid(EditView) method ...
Wed Feb 15 20:01:47 2017,506 [2584] INFO VT - get Actionid EditView
Wed Feb 15 20:01:47 2017,506 [2584] INFO VT - action id selected is 1
Wed Feb 15 20:01:47 2017,506 [2584] DEBUG VT - Exiting getActionid method ...
Wed Feb 15 20:01:47 2017,506 [2584] DEBUG VT - Exiting isPermitted method ...
Wed Feb 15 20:01:47 2017,506 [2584] DEBUG VT - Entering isPermitted(Invoice,EditView,) method ...
Wed Feb 15 20:01:47 2017,506 [2584] DEBUG VT - Entering getActionid(EditView) method ...
Wed Feb 15 20:01:47 2017,506 [2584] INFO VT - get Actionid EditView
Wed Feb 15 20:01:47 2017,506 [2584] INFO VT - action id selected is 1
Wed Feb 15 20:01:47 2017,506 [2584] DEBUG VT - Exiting getActionid method ...
Wed Feb 15 20:01:47 2017,506 [2584] DEBUG VT - Exiting isPermitted method ...
Wed Feb 15 20:01:47 2017,506 [2584] DEBUG VT - Entering isPermitted(SalesOrder,EditView,) method ...
Wed Feb 15 20:01:47 2017,506 [2584] DEBUG VT - Entering getActionid(EditView) method ...
Wed Feb 15 20:01:47 2017,507 [2584] INFO VT - get Actionid EditView
Wed Feb 15 20:01:47 2017,507 [2584] INFO VT - action id selected is 1
Wed Feb 15 20:01:47 2017,507 [2584] DEBUG VT - Exiting getActionid method ...
Wed Feb 15 20:01:47 2017,507 [2584] DEBUG VT - Exiting isPermitted method ...
Wed Feb 15 20:01:47 2017,507 [2584] DEBUG VT - Entering isPermitted(HelpDesk,EditView,) method ...
Wed Feb 15 20:01:47 2017,507 [2584] DEBUG VT - Entering getActionid(EditView) method ...
Wed Feb 15 20:01:47 2017,507 [2584] INFO VT - get Actionid EditView
Wed Feb 15 20:01:47 2017,507 [2584] INFO VT - action id selected is 1
Wed Feb 15 20:01:47 2017,507 [2584] DEBUG VT - Exiting getActionid method ...
Wed Feb 15 20:01:47 2017,507 [2584] DEBUG VT - Exiting isPermitted method ...
Wed Feb 15 20:01:47 2017,507 [2584] DEBUG VT - Entering isPermitted(Faq,EditView,) method ...
Wed Feb 15 20:01:47 2017,507 [2584] DEBUG VT - Entering getActionid(EditView) method ...
Wed Feb 15 20:01:47 2017,507 [2584] INFO VT - get Actionid EditView
Wed Feb 15 20:01:47 2017,507 [2584] INFO VT - action id selected is 1
Wed Feb 15 20:01:47 2017,507 [2584] DEBUG VT - Exiting getActionid method ...
Wed Feb 15 20:01:47 2017,507 [2584] DEBUG VT - Exiting isPermitted method ...
Wed Feb 15 20:01:47 2017,507 [2584] DEBUG VT - Entering isPermitted(Project,EditView,) method ...
Wed Feb 15 20:01:47 2017,508 [2584] DEBUG VT - Entering getActionid(EditView) method ...
Wed Feb 15 20:01:47 2017,508 [2584] INFO VT - get Actionid EditView
Wed Feb 15 20:01:47 2017,508 [2584] INFO VT - action id selected is 1
Wed Feb 15 20:01:47 2017,508 [2584] DEBUG VT - Exiting getActionid method ...
Wed Feb 15 20:01:47 2017,508 [2584] DEBUG VT - Exiting isPermitted method ...
Wed Feb 15 20:01:47 2017,508 [2584] DEBUG VT - Entering isPermitted(Assets,EditView,) method ...
Wed Feb 15 20:01:47 2017,508 [2584] DEBUG VT - Entering getActionid(EditView) method ...
Wed Feb 15 20:01:47 2017,508 [2584] INFO VT - get Actionid EditView
Wed Feb 15 20:01:47 2017,508 [2584] INFO VT - action id selected is 1
Wed Feb 15 20:01:47 2017,508 [2584] DEBUG VT - Exiting getActionid method ...
Wed Feb 15 20:01:47 2017,508 [2584] DEBUG VT - Exiting isPermitted method ...
Wed Feb 15 20:01:47 2017,508 [2584] DEBUG VT - Entering isPermitted(ServiceContracts,EditView,) method ...
Wed Feb 15 20:01:47 2017,508 [2584] DEBUG VT - Entering getActionid(EditView) method ...
Wed Feb 15 20:01:47 2017,508 [2584] INFO VT - get Actionid EditView
Wed Feb 15 20:01:47 2017,508 [2584] INFO VT - action id selected is 1
Wed Feb 15 20:01:47 2017,509 [2584] DEBUG VT - Exiting getActionid method ...
Wed Feb 15 20:01:47 2017,509 [2584] DEBUG VT - Exiting isPermitted method ...
Wed Feb 15 20:01:47 2017,509 [2584] DEBUG VT - Entering isPermitted(Products,EditView,) method ...
Wed Feb 15 20:01:47 2017,509 [2584] DEBUG VT - Entering getActionid(EditView) method ...
Wed Feb 15 20:01:47 2017,509 [2584] INFO VT - get Actionid EditView
Wed Feb 15 20:01:47 2017,509 [2584] INFO VT - action id selected is 1
Wed Feb 15 20:01:47 2017,509 [2584] DEBUG VT - Exiting getActionid method ...
Wed Feb 15 20:01:47 2017,509 [2584] DEBUG VT - Exiting isPermitted method ...
Wed Feb 15 20:01:47 2017,509 [2584] DEBUG VT - Entering isPermitted(Services,EditView,) method ...
Wed Feb 15 20:01:47 2017,509 [2584] DEBUG VT - Entering getActionid(EditView) method ...
Wed Feb 15 20:01:47 2017,509 [2584] INFO VT - get Actionid EditView
Wed Feb 15 20:01:47 2017,509 [2584] INFO VT - action id selected is 1
Wed Feb 15 20:01:47 2017,509 [2584] DEBUG VT - Exiting getActionid method ...
Wed Feb 15 20:01:47 2017,509 [2584] DEBUG VT - Exiting isPermitted method ...
Wed Feb 15 20:01:47 2017,509 [2584] DEBUG VT - Entering isPermitted(PriceBooks,EditView,) method ...
Wed Feb 15 20:01:47 2017,509 [2584] DEBUG VT - Entering getActionid(EditView) method ...
Wed Feb 15 20:01:47 2017,510 [2584] INFO VT - get Actionid EditView
Wed Feb 15 20:01:47 2017,510 [2584] INFO VT - action id selected is 1
Wed Feb 15 20:01:47 2017,510 [2584] DEBUG VT - Exiting getActionid method ...
Wed Feb 15 20:01:47 2017,510 [2584] DEBUG VT - Exiting isPermitted method ...
Wed Feb 15 20:01:47 2017,510 [2584] DEBUG VT - Entering isPermitted(Vendors,EditView,) method ...
Wed Feb 15 20:01:47 2017,510 [2584] DEBUG VT - Entering getActionid(EditView) method ...
Wed Feb 15 20:01:47 2017,510 [2584] INFO VT - get Actionid EditView
Wed Feb 15 20:01:47 2017,510 [2584] INFO VT - action id selected is 1
Wed Feb 15 20:01:47 2017,510 [2584] DEBUG VT - Exiting getActionid method ...
Wed Feb 15 20:01:47 2017,510 [2584] DEBUG VT - Exiting isPermitted method ...
Wed Feb 15 20:01:47 2017,510 [2584] DEBUG VT - Entering isPermitted(PurchaseOrder,EditView,) method ...
Wed Feb 15 20:01:47 2017,511 [2584] DEBUG VT - Entering getActionid(EditView) method ...
Wed Feb 15 20:01:47 2017,511 [2584] INFO VT - get Actionid EditView
Wed Feb 15 20:01:47 2017,511 [2584] INFO VT - action id selected is 1
Wed Feb 15 20:01:47 2017,511 [2584] DEBUG VT - Exiting getActionid method ...
Wed Feb 15 20:01:47 2017,511 [2584] DEBUG VT - Exiting isPermitted method ...
Wed Feb 15 20:01:47 2017,511 [2584] DEBUG VT - Entering isPermitted(MailManager,EditView,) method ...
Wed Feb 15 20:01:47 2017,511 [2584] DEBUG VT - Entering getActionid(EditView) method ...
Wed Feb 15 20:01:47 2017,511 [2584] INFO VT - get Actionid EditView
Wed Feb 15 20:01:47 2017,511 [2584] INFO VT - action id selected is 1
Wed Feb 15 20:01:47 2017,512 [2584] DEBUG VT - Exiting getActionid method ...
Wed Feb 15 20:01:47 2017,512 [2584] DEBUG VT - Exiting isPermitted method ...
Wed Feb 15 20:01:47 2017,512 [2584] DEBUG VT - Entering isPermitted(Calendar,EditView,) method ...
Wed Feb 15 20:01:47 2017,512 [2584] DEBUG VT - Entering getActionid(EditView) method ...
Wed Feb 15 20:01:47 2017,512 [2584] INFO VT - get Actionid EditView
Wed Feb 15 20:01:47 2017,512 [2584] INFO VT - action id selected is 1
Wed Feb 15 20:01:47 2017,512 [2584] DEBUG VT - Exiting getActionid method ...
Wed Feb 15 20:01:47 2017,512 [2584] DEBUG VT - Exiting isPermitted method ...
Wed Feb 15 20:01:47 2017,512 [2584] DEBUG VT - Entering isPermitted(Documents,EditView,) method ...
Wed Feb 15 20:01:47 2017,512 [2584] DEBUG VT - Entering getActionid(EditView) method ...
Wed Feb 15 20:01:47 2017,512 [2584] INFO VT - get Actionid EditView
Wed Feb 15 20:01:47 2017,512 [2584] INFO VT - action id selected is 1
Wed Feb 15 20:01:47 2017,513 [2584] DEBUG VT - Exiting getActionid method ...
Wed Feb 15 20:01:47 2017,513 [2584] DEBUG VT - Exiting isPermitted method ...
Wed Feb 15 20:01:47 2017,513 [2584] DEBUG VT - Entering isPermitted(RecycleBin,EditView,) method ...
Wed Feb 15 20:01:47 2017,513 [2584] DEBUG VT - Entering getActionid(EditView) method ...
Wed Feb 15 20:01:47 2017,513 [2584] INFO VT - get Actionid EditView
Wed Feb 15 20:01:47 2017,513 [2584] INFO VT - action id selected is 1
Wed Feb 15 20:01:47 2017,513 [2584] DEBUG VT - Exiting getActionid method ...
Wed Feb 15 20:01:47 2017,513 [2584] DEBUG VT - Exiting isPermitted method ...
Wed Feb 15 20:01:47 2017,513 [2584] DEBUG VT - Entering isPermitted(Licensing,EditView,) method ...
Wed Feb 15 20:01:47 2017,513 [2584] DEBUG VT - Entering getActionid(EditView) method ...
Wed Feb 15 20:01:47 2017,513 [2584] INFO VT - get Actionid EditView
Wed Feb 15 20:01:47 2017,513 [2584] INFO VT - action id selected is 1
Wed Feb 15 20:01:47 2017,513 [2584] DEBUG VT - Exiting getActionid method ...
Wed Feb 15 20:01:47 2017,513 [2584] DEBUG VT - Exiting isPermitted method ...
Wed Feb 15 20:01:47 2017,513 [2584] DEBUG VT - Entering isPermitted(Reports,EditView,) method ...
Wed Feb 15 20:01:47 2017,514 [2584] DEBUG VT - Entering getActionid(EditView) method ...
Wed Feb 15 20:01:47 2017,514 [2584] INFO VT - get Actionid EditView
Wed Feb 15 20:01:47 2017,514 [2584] INFO VT - action id selected is 1
Wed Feb 15 20:01:47 2017,514 [2584] DEBUG VT - Exiting getActionid method ...
Wed Feb 15 20:01:47 2017,514 [2584] DEBUG VT - Exiting isPermitted method ...
Wed Feb 15 20:01:47 2017,514 [2584] DEBUG VT - Entering isPermitted(Rss,EditView,) method ...
Wed Feb 15 20:01:47 2017,514 [2584] DEBUG VT - Entering getActionid(EditView) method ...
Wed Feb 15 20:01:47 2017,514 [2584] INFO VT - get Actionid EditView
Wed Feb 15 20:01:47 2017,514 [2584] INFO VT - action id selected is 1
Wed Feb 15 20:01:47 2017,514 [2584] DEBUG VT - Exiting getActionid method ...
Wed Feb 15 20:01:47 2017,514 [2584] DEBUG VT - Exiting isPermitted method ...
Wed Feb 15 20:01:47 2017,514 [2584] DEBUG VT - Entering isPermitted(EmailTemplates,EditView,) method ...
Wed Feb 15 20:01:47 2017,514 [2584] DEBUG VT - Entering getActionid(EditView) method ...
Wed Feb 15 20:01:47 2017,514 [2584] INFO VT - get Actionid EditView
Wed Feb 15 20:01:47 2017,514 [2584] INFO VT - action id selected is 1
Wed Feb 15 20:01:47 2017,514 [2584] DEBUG VT - Exiting getActionid method ...
Wed Feb 15 20:01:47 2017,515 [2584] DEBUG VT - Exiting isPermitted method ...
Wed Feb 15 20:01:47 2017,515 [2584] DEBUG VT - Entering isPermitted(Urbanisme,EditView,) method ...
Wed Feb 15 20:01:47 2017,515 [2584] DEBUG VT - Entering getActionid(EditView) method ...
Wed Feb 15 20:01:47 2017,515 [2584] INFO VT - get Actionid EditView
Wed Feb 15 20:01:47 2017,515 [2584] INFO VT - action id selected is 1
Wed Feb 15 20:01:47 2017,515 [2584] DEBUG VT - Exiting getActionid method ...
Wed Feb 15 20:01:47 2017,515 [2584] DEBUG VT - Exiting isPermitted method ...
Wed Feb 15 20:01:47 2017,515 [2584] DEBUG VT - Entering isPermitted(Ocas,EditView,) method ...
Wed Feb 15 20:01:47 2017,515 [2584] DEBUG VT - Entering getActionid(EditView) method ...
Wed Feb 15 20:01:47 2017,515 [2584] INFO VT - get Actionid EditView
Wed Feb 15 20:01:47 2017,515 [2584] INFO VT - action id selected is 1
Wed Feb 15 20:01:47 2017,515 [2584] DEBUG VT - Exiting getActionid method ...
Wed Feb 15 20:01:47 2017,515 [2584] DEBUG VT - Exiting isPermitted method ...
Wed Feb 15 20:01:47 2017,515 [2584] DEBUG VT - Entering isPermitted(Bulletins,EditView,) method ...
Wed Feb 15 20:01:47 2017,515 [2584] DEBUG VT - Entering getActionid(EditView) method ...
Wed Feb 15 20:01:47 2017,516 [2584] INFO VT - get Actionid EditView
Wed Feb 15 20:01:47 2017,516 [2584] INFO VT - action id selected is 1
Wed Feb 15 20:01:47 2017,516 [2584] DEBUG VT - Exiting getActionid method ...
Wed Feb 15 20:01:47 2017,516 [2584] DEBUG VT - Exiting isPermitted method ...
Wed Feb 15 20:01:47 2017,516 [2584] DEBUG VT - Entering isPermitted(Buildings,EditView,) method ...
Wed Feb 15 20:01:47 2017,516 [2584] DEBUG VT - Entering getActionid(EditView) method ...
Wed Feb 15 20:01:47 2017,516 [2584] INFO VT - get Actionid EditView
Wed Feb 15 20:01:47 2017,516 [2584] INFO VT - action id selected is 1
Wed Feb 15 20:01:47 2017,516 [2584] DEBUG VT - Exiting getActionid method ...
Wed Feb 15 20:01:47 2017,516 [2584] DEBUG VT - Exiting isPermitted method ...
Wed Feb 15 20:01:47 2017,516 [2584] DEBUG VT - Entering isPermitted(Buildprojects,EditView,) method ...
Wed Feb 15 20:01:47 2017,516 [2584] DEBUG VT - Entering getActionid(EditView) method ...
Wed Feb 15 20:01:47 2017,516 [2584] INFO VT - get Actionid EditView
Wed Feb 15 20:01:47 2017,516 [2584] INFO VT - action id selected is 1
Wed Feb 15 20:01:47 2017,516 [2584] DEBUG VT - Exiting getActionid method ...
Wed Feb 15 20:01:47 2017,517 [2584] DEBUG VT - Exiting isPermitted method ...
Wed Feb 15 20:01:47 2017,517 [2584] DEBUG VT - Entering isPermitted(Technicalreports,EditView,) method ...
Wed Feb 15 20:01:47 2017,517 [2584] DEBUG VT - Entering getActionid(EditView) method ...
Wed Feb 15 20:01:47 2017,517 [2584] INFO VT - get Actionid EditView
Wed Feb 15 20:01:47 2017,517 [2584] INFO VT - action id selected is 1
Wed Feb 15 20:01:47 2017,517 [2584] DEBUG VT - Exiting getActionid method ...
Wed Feb 15 20:01:47 2017,517 [2584] DEBUG VT - Exiting isPermitted method ...
Wed Feb 15 20:01:47 2017,517 [2584] DEBUG VT - Entering isPermitted(Portal,EditView,) method ...
Wed Feb 15 20:01:47 2017,517 [2584] DEBUG VT - Entering getActionid(EditView) method ...
Wed Feb 15 20:01:47 2017,517 [2584] INFO VT - get Actionid EditView
Wed Feb 15 20:01:47 2017,517 [2584] INFO VT - action id selected is 1
Wed Feb 15 20:01:47 2017,517 [2584] DEBUG VT - Exiting getActionid method ...
Wed Feb 15 20:01:47 2017,517 [2584] DEBUG VT - Exiting isPermitted method ...
Wed Feb 15 20:01:47 2017,521 [2584] DEBUG VT - Entering isPermittedCustomView(54,,Buildings) method....
Wed Feb 15 20:01:47 2017,521 [2584] DEBUG VT - Prepared sql query being executed : SELECT status, userid FROM vtiger_customview WHERE cvid=?
Wed Feb 15 20:01:47 2017,521 [2584] DEBUG VT - Prepared sql query parameters : [54]
Wed Feb 15 20:01:47 2017,521 [2584] DEBUG VT - Entering when status=0
Wed Feb 15 20:01:47 2017,522 [2584] DEBUG VT - Permission @@@@@@@@@@@@@@@@@@@@@@@@@@@ : yes
Wed Feb 15 20:01:47 2017,522 [2584] DEBUG VT - Exiting isPermittedCustomView(54,,Buildings) method....
Wed Feb 15 20:01:47 2017,522 [2584] DEBUG VT - Entering isPermittedCustomView(54,,Buildings) method....
Wed Feb 15 20:01:47 2017,522 [2584] DEBUG VT - Prepared sql query being executed : SELECT status, userid FROM vtiger_customview WHERE cvid=?
Wed Feb 15 20:01:47 2017,522 [2584] DEBUG VT - Prepared sql query parameters : [54]
Wed Feb 15 20:01:47 2017,522 [2584] DEBUG VT - Entering when status=0
Wed Feb 15 20:01:47 2017,522 [2584] DEBUG VT - Permission @@@@@@@@@@@@@@@@@@@@@@@@@@@ : yes
Wed Feb 15 20:01:47 2017,522 [2584] DEBUG VT - Exiting isPermittedCustomView(54,,Buildings) method....
Wed Feb 15 20:01:47 2017,522 [2584] DEBUG VT - Prepared sql query being executed : select vtiger_cvcolumnlist.* from vtiger_cvcolumnlist inner join vtiger_customview on vtiger_customview.cvid = vtiger_cvcolumnlist.cvid where vtiger_customview.cvid =? order by vtiger_cvcolumnlist.columnindex
Wed Feb 15 20:01:47 2017,522 [2584] DEBUG VT - Prepared sql query parameters : [54]
Wed Feb 15 20:01:47 2017,522 [2584] DEBUG VT - Prepared sql query being executed : select vtiger_cvstdfilter.* from vtiger_cvstdfilter inner join vtiger_customview on vtiger_customview.cvid = vtiger_cvstdfilter.cvid where vtiger_cvstdfilter.cvid=?
Wed Feb 15 20:01:47 2017,523 [2584] DEBUG VT - Prepared sql query parameters : [54]
Wed Feb 15 20:01:47 2017,523 [2584] DEBUG VT - Prepared sql query being executed : SELECT * FROM vtiger_cvadvfilter_grouping WHERE cvid = ? ORDER BY groupid
Wed Feb 15 20:01:47 2017,523 [2584] DEBUG VT - Prepared sql query parameters : [54]
Wed Feb 15 20:01:47 2017,523 [2584] DEBUG VT - Prepared sql query being executed : SELECT fieldid FROM vtiger_field WHERE fieldname = ? AND tabid = ?
Wed Feb 15 20:01:47 2017,523 [2584] DEBUG VT - Prepared sql query parameters : [related_to,43]
Wed Feb 15 20:01:47 2017,523 [2584] DEBUG VT - Prepared sql query being executed : SELECT relmodule FROM vtiger_fieldmodulerel WHERE fieldid = ?
Wed Feb 15 20:01:47 2017,523 [2584] DEBUG VT - Prepared sql query parameters : [625]
Wed Feb 15 20:01:47 2017,524 [2584] DEBUG VT - Entering getAllUserGroups(1) method...
Wed Feb 15 20:01:47 2017,524 [2584] DEBUG VT - Prepared sql query being executed : select * from vtiger_users2group where userid=?
Wed Feb 15 20:01:47 2017,524 [2584] DEBUG VT - Prepared sql query parameters : [1]
Wed Feb 15 20:01:47 2017,524 [2584] DEBUG VT - Entering fetchUserRole(1) method ...
Wed Feb 15 20:01:47 2017,524 [2584] DEBUG VT - Prepared sql query being executed : select roleid from vtiger_user2role where userid=?
Wed Feb 15 20:01:47 2017,524 [2584] DEBUG VT - Prepared sql query parameters : [1]
Wed Feb 15 20:01:47 2017,524 [2584] DEBUG VT - Exiting fetchUserRole method ...
Wed Feb 15 20:01:47 2017,524 [2584] DEBUG VT - Prepared sql query being executed : select * from vtiger_group2role where roleid=?
Wed Feb 15 20:01:47 2017,524 [2584] DEBUG VT - Prepared sql query parameters : [H2]
Wed Feb 15 20:01:47 2017,524 [2584] DEBUG VT - Entering getParentRole(H2) method ...
Wed Feb 15 20:01:47 2017,524 [2584] DEBUG VT - Entering getRoleInformation(H2) method ...
Wed Feb 15 20:01:47 2017,524 [2584] DEBUG VT - Prepared sql query being executed : select * from vtiger_role where roleid=?
Wed Feb 15 20:01:47 2017,525 [2584] DEBUG VT - Prepared sql query parameters : [H2]
Wed Feb 15 20:01:47 2017,525 [2584] DEBUG VT - Exiting getRoleInformation method ...
Wed Feb 15 20:01:47 2017,525 [2584] DEBUG VT - Exiting getParentRole method ...
Wed Feb 15 20:01:47 2017,525 [2584] DEBUG VT - Prepared sql query being executed : select * from vtiger_group2rs where roleandsubid in (?,?)
Wed Feb 15 20:01:47 2017,525 [2584] DEBUG VT - Prepared sql query parameters : [H1,H2]
Wed Feb 15 20:01:47 2017,525 [2584] DEBUG VT - Entering getAllParentGroups(3) method...
Wed Feb 15 20:01:47 2017,525 [2584] DEBUG VT - Prepared sql query being executed : select groupid from vtiger_group2grouprel where containsgroupid=?
Wed Feb 15 20:01:47 2017,525 [2584] DEBUG VT - Prepared sql query parameters : [3]
Wed Feb 15 20:01:47 2017,525 [2584] DEBUG VT - Exiting getAllParentGroups method...
Wed Feb 15 20:01:47 2017,525 [2584] DEBUG VT - Exiting getAllUserGroups method...
Wed Feb 15 20:01:47 2017,525 [2584] DEBUG VT - Entering isPermitted(Buildings,EditView,) method ...
Wed Feb 15 20:01:47 2017,525 [2584] DEBUG VT - Entering getActionid(EditView) method ...
Wed Feb 15 20:01:47 2017,525 [2584] INFO VT - get Actionid EditView
Wed Feb 15 20:01:47 2017,526 [2584] INFO VT - action id selected is 1
Wed Feb 15 20:01:47 2017,526 [2584] DEBUG VT - Exiting getActionid method ...
Wed Feb 15 20:01:47 2017,526 [2584] DEBUG VT - Exiting isPermitted method ...
Wed Feb 15 20:01:47 2017,526 [2584] DEBUG VT - Entering isPermitted(Buildings,Delete,) method ...
Wed Feb 15 20:01:47 2017,526 [2584] DEBUG VT - Entering getActionid(Delete) method ...
Wed Feb 15 20:01:47 2017,526 [2584] INFO VT - get Actionid Delete
Wed Feb 15 20:01:47 2017,526 [2584] INFO VT - action id selected is 2
Wed Feb 15 20:01:47 2017,526 [2584] DEBUG VT - Exiting getActionid method ...
Wed Feb 15 20:01:47 2017,526 [2584] DEBUG VT - Exiting isPermitted method ...
Wed Feb 15 20:01:47 2017,527 [2584] DEBUG buildings - Entering Buildings() method ...
Wed Feb 15 20:01:47 2017,527 [2584] DEBUG VT - Entering getColumnFields(Buildings) method ...
Wed Feb 15 20:01:47 2017,527 [2584] DEBUG VT - in getColumnFields Buildings
Wed Feb 15 20:01:47 2017,527 [2584] DEBUG VT - Exiting getColumnFields method ...
Wed Feb 15 20:01:47 2017,527 [2584] DEBUG buildings - Exiting Buildings method ...
Wed Feb 15 20:01:48 2017,275 [2584] INFO VT - PearDatabase ->ADODB disconnect
Wed Feb 15 20:01:48 2017,282 [2570] INFO VT - PearDatabase ->ADODB disconnect
Wed Feb 15 20:01:48 2017,292 [2584] DEBUG user - Entering Users() method ...
Wed Feb 15 20:01:48 2017,292 [2584] DEBUG VT - Entering getColumnFields(Users) method ...
Wed Feb 15 20:01:48 2017,292 [2584] DEBUG VT - in getColumnFields Users
Wed Feb 15 20:01:48 2017,292 [2584] DEBUG VT - Prepared sql query being executed : SELECT tabid, name, ownedby FROM vtiger_tab
Wed Feb 15 20:01:48 2017,297 [2584] DEBUG VT - Prepared sql query being executed : SELECT tabid, fieldname, fieldid, fieldlabel, columnname, tablename, uitype, typeofdata, presence
		FROM vtiger_field WHERE tabid in (?)
Wed Feb 15 20:01:48 2017,297 [2584] DEBUG VT - Prepared sql query parameters : [29]
Wed Feb 15 20:01:48 2017,308 [2584] DEBUG VT - Exiting getColumnFields method ...
Wed Feb 15 20:01:48 2017,308 [2584] DEBUG user - Exiting Users() method ...
Wed Feb 15 20:01:48 2017,309 [2584] DEBUG VT - Prepared sql query being executed : SELECT * FROM vtiger_tab
Wed Feb 15 20:01:48 2017,323 [2584] DEBUG VT - Prepared sql query being executed : SELECT fieldname,modulename,tablename,entityidfield,entityidcolumn from vtiger_entityname
Wed Feb 15 20:01:48 2017,327 [2584] DEBUG VT - Entering isPermitted(PBXManager,ReceiveIncomingCalls,) method ...
Wed Feb 15 20:01:48 2017,327 [2584] DEBUG VT - Entering getActionid(ReceiveIncomingCalls) method ...
Wed Feb 15 20:01:48 2017,327 [2584] INFO VT - get Actionid ReceiveIncomingCalls
Wed Feb 15 20:01:48 2017,327 [2584] INFO VT - action id selected is 11
Wed Feb 15 20:01:48 2017,327 [2584] DEBUG VT - Exiting getActionid method ...
Wed Feb 15 20:01:48 2017,328 [2584] DEBUG VT - Exiting isPermitted method ...
Wed Feb 15 20:01:48 2017,328 [2584] DEBUG VT - Prepared sql query being executed : SELECT * FROM vtiger_pbxmanager_gateway
Wed Feb 15 20:01:48 2017,335 [2570] DEBUG user - Entering Users() method ...
Wed Feb 15 20:01:48 2017,335 [2570] DEBUG VT - Entering getColumnFields(Users) method ...
Wed Feb 15 20:01:48 2017,335 [2570] DEBUG VT - in getColumnFields Users
Wed Feb 15 20:01:48 2017,335 [2570] DEBUG VT - Prepared sql query being executed : SELECT tabid, name, ownedby FROM vtiger_tab
Wed Feb 15 20:01:48 2017,338 [2570] DEBUG VT - Prepared sql query being executed : SELECT tabid, fieldname, fieldid, fieldlabel, columnname, tablename, uitype, typeofdata, presence
		FROM vtiger_field WHERE tabid in (?)
Wed Feb 15 20:01:48 2017,338 [2570] DEBUG VT - Prepared sql query parameters : [29]
Wed Feb 15 20:01:48 2017,344 [2570] DEBUG VT - Exiting getColumnFields method ...
Wed Feb 15 20:01:48 2017,344 [2570] DEBUG user - Exiting Users() method ...
Wed Feb 15 20:01:48 2017,345 [2570] DEBUG VT - Prepared sql query being executed : SELECT * FROM vtiger_tab
Wed Feb 15 20:01:48 2017,353 [2570] DEBUG VT - Prepared sql query being executed : SELECT fieldname,modulename,tablename,entityidfield,entityidcolumn from vtiger_entityname
Wed Feb 15 20:01:48 2017,357 [2570] DEBUG VT - Prepared sql query being executed : SELECT reminderid, recordid FROM vtiger_activity_reminder_popup
            					INNER JOIN vtiger_activity on vtiger_activity.activityid = vtiger_activity_reminder_popup.recordid
								INNER JOIN vtiger_crmentity ON vtiger_activity_reminder_popup.recordid = vtiger_crmentity.crmid
								WHERE vtiger_activity_reminder_popup.status = 0
								AND vtiger_crmentity.smownerid = ? AND vtiger_crmentity.deleted = 0
								AND ((DATE_FORMAT(vtiger_activity_reminder_popup.date_start,'%Y-%m-%d') <= ?)
								AND (TIME_FORMAT(vtiger_activity_reminder_popup.time_start,'%H:%i') <= ?))
                                AND vtiger_activity.eventstatus <> 'Held' AND (vtiger_activity.status <> 'Completed' OR vtiger_activity.status IS NULL) LIMIT 20
Wed Feb 15 20:01:48 2017,357 [2570] DEBUG VT - Prepared sql query parameters : [1,2017-02-15,20:02]
